<?xml version="1.0" encoding="UTF-8"?>
<!-- Generated by org.testng.reporters.JUnitReportReporter -->
<testsuite hostname="IABLR-LT155" name="com.practise.RestAssuredAPITestingFramework.TestCases.TC_01_Create_Customer" tests="4" failures="0" timestamp="21 Mar 2020 09:35:56 GMT" time="4.097" errors="0">
  <testcase name="validateCreateCustomerWithInValidSecretKey" time="0.387" classname="com.practise.RestAssuredAPITestingFramework.TestCases.TC_01_Create_Customer"/>
  <testcase name="validateCreateCustomerWithInValidSecretKey" time="0.380" classname="com.practise.RestAssuredAPITestingFramework.TestCases.TC_01_Create_Customer"/>
  <testcase name="validateCreateCustomerWithValidSecretKey" time="0.673" classname="com.practise.RestAssuredAPITestingFramework.TestCases.TC_01_Create_Customer"/>
  <testcase name="validateCreateCustomerWithValidSecretKey" time="2.657" classname="com.practise.RestAssuredAPITestingFramework.TestCases.TC_01_Create_Customer"/>
</testsuite> <!-- com.practise.RestAssuredAPITestingFramework.TestCases.TC_01_Create_Customer -->
