<?xml version="1.0" encoding="UTF-8"?>
<!-- Generated by org.testng.reporters.JUnitReportReporter -->
<testsuite skipped="0" hostname="IABLR-LT155" name="com.practise.RestAssuredAPITestingFramework.TestCases.TC_01_Create_Customer" tests="4" failures="0" timestamp="2020-03-21T23:07:07 IST" time="6.622" errors="0">
  <testcase name="validateCreateCustomerWithValidSecretKey" time="5.139" classname="com.practise.RestAssuredAPITestingFramework.TestCases.TC_01_Create_Customer"/>
  <system-out/>
  <testcase name="validateCreateCustomerWithValidSecretKey" time="0.710" classname="com.practise.RestAssuredAPITestingFramework.TestCases.TC_01_Create_Customer"/>
  <system-out/>
  <testcase name="validateCreateCustomerWithInValidSecretKey" time="0.385" classname="com.practise.RestAssuredAPITestingFramework.TestCases.TC_01_Create_Customer"/>
  <system-out/>
  <testcase name="validateCreateCustomerWithInValidSecretKey" time="0.388" classname="com.practise.RestAssuredAPITestingFramework.TestCases.TC_01_Create_Customer"/>
  <system-out/>
</testsuite> <!-- com.practise.RestAssuredAPITestingFramework.TestCases.TC_01_Create_Customer -->
