<?xml version="1.0" encoding="UTF-8"?>
<!-- Generated by org.testng.reporters.JUnitReportReporter -->
<testsuite skipped="0" hostname="IABLR-LT155" name="com.practise.RestAssuredAPITestingFramework.TestCases.TC_01_Create_Customer" tests="4" failures="0" timestamp="2020-03-21T21:31:56 IST" time="14.301" errors="0">
  <testcase name="validateCreateCustomerWithValidSecretKey" time="2.399" classname="com.practise.RestAssuredAPITestingFramework.TestCases.TC_01_Create_Customer"/>
  <system-out/>
  <testcase name="validateCreateCustomerWithValidSecretKey" time="6.931" classname="com.practise.RestAssuredAPITestingFramework.TestCases.TC_01_Create_Customer"/>
  <system-out/>
  <testcase name="validateCreateCustomerWithInValidSecretKey" time="2.017" classname="com.practise.RestAssuredAPITestingFramework.TestCases.TC_01_Create_Customer"/>
  <system-out/>
  <testcase name="validateCreateCustomerWithInValidSecretKey" time="2.954" classname="com.practise.RestAssuredAPITestingFramework.TestCases.TC_01_Create_Customer"/>
  <system-out/>
</testsuite> <!-- com.practise.RestAssuredAPITestingFramework.TestCases.TC_01_Create_Customer -->
