<?xml version="1.0" encoding="UTF-8"?>
<!-- Generated by org.testng.reporters.JUnitReportReporter -->
<testsuite skipped="0" hostname="IABLR-LT155" name="com.practise.RestAssuredAPITestingFramework.TestCases.TC_02_Delete_Customer" tests="1" failures="0" timestamp="2020-03-21T23:07:07 IST" time="1.122" errors="0">
  <testcase name="validateDeleteCustomerWithValidID" time="1.122" classname="com.practise.RestAssuredAPITestingFramework.TestCases.TC_02_Delete_Customer"/>
  <system-out/>
</testsuite> <!-- com.practise.RestAssuredAPITestingFramework.TestCases.TC_02_Delete_Customer -->
